Invoking: tsc 

../../../../regression/linting.ts(40,7): error TS2304: Cannot find name 'expect'.
../../../../regression/linting.ts(42,7): error TS2304: Cannot find name 'expect'.
../../../../regression/linting.ts(45,5): error TS2304: Cannot find name 'expect'.
../../../../regression/linting_all_readmes.test.ts(4,1): error TS2593: Cannot find name 'describe'. Do you need to install type definitions for a test runner? Try `npm i @types/jest` or `npm i @types/mocha` and then add `jest` or `mocha` to the types field in your tsconfig.
../../../../regression/linting_all_readmes.test.ts(5,3): error TS2593: Cannot find name 'test'. Do you need to install type definitions for a test runner? Try `npm i @types/jest` or `npm i @types/mocha` and then add `jest` or `mocha` to the types field in your tsconfig.
../../../../regression/specsFilter.ts(1,23): error TS2307: Cannot find module 'glob'.
../../../../regression/specsFilter.ts(2,20): error TS2307: Cannot find module 'lodash'.
../commands/cli.ts(2,24): error TS2307: Cannot find module 'yargs'.
rulesets/legacy.ts(1,25): error TS2307: Cannot find module '@microsoft.azure/openapi-validator-functions'.
../functions/pattern.ts(1,29): error TS2307: Cannot find module '@microsoft.azure/openapi-validator-core'.
